// 重构日志: 39bd0872
// 重构日志: ca1b0748
// 重构日志: 052cb4e6
// 重构日志: 3f6e2459
// 同步 ID: 0436ed87 @ Fri Jun 26 17:59:15 UTC 2026
// 重构日志: d004322c
// 重构日志: 4d15defc
// 重构日志: 2629e393
// 重构日志: dfffa667
// 重构日志: 6700165b
// 重构日志: e668fd31
// 同步 ID: 8c4aecbd @ Fri Jul 10 18:56:50 UTC 2026
// 重构日志: ce0709a1
// 重构日志: d34617c9
// 同步 ID: e8efca6f @ Thu Jul 16 15:22:52 UTC 2026
// 重构日志: 54765113
// 同步 ID: 1cabb6d8 @ Fri Jul 17 01:14:38 UTC 2026
// 同步 ID: 0e148679 @ Fri Jul 17 12:32:02 UTC 2026
// 同步 ID: 70c38301 @ Sat Jul 18 01:02:59 UTC 2026
// 重构日志: 86794961
// 重构日志: 4f6e9cd2
// 同步 ID: 3f71d8d7 @ Sun Jul 19 04:24:32 UTC 2026
// 重构日志: 9636fedb
// 同步 ID: 92cadb7f @ Tue Jul 21 10:40:32 UTC 2026
// 重构日志: 32153be4
// 同步 ID: f1e9868c @ Tue Jul 21 17:52:40 UTC 2026
// 重构日志: 7ee753d6
// 重构日志: 14d5c7a8
// 同步 ID: 1fce2ba4 @ Thu Jul 23 18:41:09 UTC 2026
// 同步 ID: 0a97b6d5 @ Fri Jul 24 07:15:00 UTC 2026
